Using pre-set license
Built from '2020.3/staging' branch; Version is '2020.3.22f1 (e1a7f79fd887) revision 14788599'; Using compiler version '192528614'; Build Type 'Release'
OS: 'Windows 10 Enterprise; OS build 19044.1706; Version 2009; 64bit' Language: 'en' Physical Memory: 32464 MB
BatchMode: 1, IsHumanControllingUs: 0, StartBugReporterOnCrash: 0, Is64bit: 1, IsPro: 0

COMMAND LINE ARGUMENTS:
C:\Program Files\Unity\Hub\Editor\2020.3.22f1\Editor\Unity.exe
-adb2
-batchMode
-noUpm
-name
AssetImportWorker0
-projectPath
E:/Unity Projects/AR Room Viewer
-logFile
Logs/AssetImportWorker0.log
-srvPort
14637
Successfully changed project path to: E:/Unity Projects/AR Room Viewer
E:/Unity Projects/AR Room Viewer
Using Asset Import Pipeline V2.
Refreshing native plugins compatible for Editor in 189.81 ms, found 4 plugins.
Preloading 0 native plugins for Editor in 0.00 ms.
Initialize engine version: 2020.3.22f1 (e1a7f79fd887)
[Subsystems] Discovering subsystems at path C:/Program Files/Unity/Hub/Editor/2020.3.22f1/Editor/Data/Resources/UnitySubsystems
[Subsystems] Discovering subsystems at path E:/Unity Projects/AR Room Viewer/Assets
GfxDevice: creating device client; threaded=0
Direct3D:
    Version:  Direct3D 11.0 [level 11.1]
    Renderer: NVIDIA GeForce RTX 2080 (ID=0x1e82)
    Vendor:   
    VRAM:     8010 MB
    Driver:   30.0.15.1215
Initialize mono
Mono path[0] = 'C:/Program Files/Unity/Hub/Editor/2020.3.22f1/Editor/Data/Managed'
Mono path[1] = 'C:/Program Files/Unity/Hub/Editor/2020.3.22f1/Editor/Data/MonoBleedingEdge/lib/mono/unityjit'
Mono config path = 'C:/Program Files/Unity/Hub/Editor/2020.3.22f1/Editor/Data/MonoBleedingEdge/etc'
Using monoOptions --debugger-agent=transport=dt_socket,embedding=1,server=y,suspend=n,address=127.0.0.1:56524
Begin MonoManager ReloadAssembly
Registering precompiled unity dll's ...
Register platform support module: C:/Program Files/Unity/Hub/Editor/2020.3.22f1/Editor/Data/PlaybackEngines/WebGLSupport/UnityEditor.WebGL.Extensions.dll
Register platform support module: C:/Program Files/Unity/Hub/Editor/2020.3.22f1/Editor/Data/PlaybackEngines/WindowsStandaloneSupport/UnityEditor.WindowsStandalone.Extensions.dll
Register platform support module: C:/Program Files/Unity/Hub/Editor/2020.3.22f1/Editor/Data/PlaybackEngines/LuminSupport/UnityEditor.Lumin.Extensions.dll
Registered in 0.052146 seconds.
Native extension for Lumin target not found
Native extension for WindowsStandalone target not found
Native extension for WebGL target not found
Refreshing native plugins compatible for Editor in 117.75 ms, found 4 plugins.
Preloading 0 native plugins for Editor in 0.00 ms.
Mono: successfully reloaded assembly
- Completed reload, in  3.043 seconds
Domain Reload Profiling:
	ReloadAssembly (3043ms)
		BeginReloadAssembly (927ms)
			ExecutionOrderSort (0ms)
			DisableScriptedObjects (0ms)
			BackupInstance (0ms)
			ReleaseScriptingObjects (0ms)
			CreateAndSetChildDomain (1ms)
		EndReloadAssembly (643ms)
			LoadAssemblies (930ms)
			RebuildTransferFunctionScriptingTraits (0ms)
			SetupTypeCache (258ms)
			ReleaseScriptCaches (0ms)
			RebuildScriptCaches (28ms)
			SetupLoadedEditorAssemblies (243ms)
				LogAssemblyErrors (0ms)
				InitializePlatformSupportModulesInManaged (5ms)
				SetLoadedEditorAssemblies (0ms)
				RefreshPlugins (118ms)
				BeforeProcessingInitializeOnLoad (28ms)
				ProcessInitializeOnLoadAttributes (68ms)
				ProcessInitializeOnLoadMethodAttributes (25ms)
				AfterProcessingInitializeOnLoad (0ms)
				EditorAssembliesLoaded (0ms)
			ExecutionOrderSort2 (0ms)
			AwakeInstancesAfterBackupRestoration (0ms)
Platform modules already initialized, skipping
Registering precompiled user dll's ...
Registered in 0.327702 seconds.
Begin MonoManager ReloadAssembly
Symbol file LoadedFromMemory doesn't match image E:\Unity Projects\AR Room Viewer\Library\PackageCache\com.unity.visualscripting@1.7.5\Editor\VisualScripting.Core\Dependencies\YamlDotNet\Unity.VisualScripting.YamlDotNet.dll
Symbol file LoadedFromMemory doesn't match image E:\Unity Projects\AR Room Viewer\Library\PackageCache\com.unity.visualscripting@1.7.5\Editor\VisualScripting.Core\Dependencies\DotNetZip\Unity.VisualScripting.IonicZip.dll
Native extension for Lumin target not found
Native extension for WindowsStandalone target not found
Native extension for WebGL target not found
Refreshing native plugins compatible for Editor in 1.26 ms, found 4 plugins.
Preloading 0 native plugins for Editor in 0.00 ms.
Mono: successfully reloaded assembly
- Completed reload, in  4.303 seconds
Domain Reload Profiling:
	ReloadAssembly (4305ms)
		BeginReloadAssembly (174ms)
			ExecutionOrderSort (0ms)
			DisableScriptedObjects (4ms)
			BackupInstance (0ms)
			ReleaseScriptingObjects (0ms)
			CreateAndSetChildDomain (23ms)
		EndReloadAssembly (4076ms)
			LoadAssemblies (1007ms)
			RebuildTransferFunctionScriptingTraits (0ms)
			SetupTypeCache (754ms)
			ReleaseScriptCaches (1ms)
			RebuildScriptCaches (66ms)
			SetupLoadedEditorAssemblies (2197ms)
				LogAssemblyErrors (0ms)
				InitializePlatformSupportModulesInManaged (6ms)
				SetLoadedEditorAssemblies (1ms)
				RefreshPlugins (1ms)
				BeforeProcessingInitializeOnLoad (170ms)
				ProcessInitializeOnLoadAttributes (1867ms)
				ProcessInitializeOnLoadMethodAttributes (146ms)
				AfterProcessingInitializeOnLoad (5ms)
				EditorAssembliesLoaded (0ms)
			ExecutionOrderSort2 (0ms)
			AwakeInstancesAfterBackupRestoration (5ms)
Platform modules already initialized, skipping
========================================================================
Worker process is ready to serve import requests
Launched and connected shader compiler UnityShaderCompiler.exe after 0.06 seconds
Refreshing native plugins compatible for Editor in 1.19 ms, found 4 plugins.
Preloading 0 native plugins for Editor in 0.00 ms.
Unloading 5418 Unused Serialized files (Serialized files now loaded: 0)
System memory in use before: 194.6 MB.
System memory in use after: 194.9 MB.

Unloading 39 unused Assets to reduce memory usage. Loaded Objects now: 5841.
Total: 15.826700 ms (FindLiveObjects: 0.682300 ms CreateObjectMapping: 0.493300 ms MarkObjects: 14.398800 ms  DeleteObjects: 0.251100 ms)

AssetImportParameters requested are different than current active one (requested -> active):
  custom:framework-win-MediaFoundation: 216162199b28c13a410421893ffa2e32 -> 
  custom:video-decoder-ogg-theora: a1e56fd34408186e4bbccfd4996cb3dc -> 
  custom:container-muxer-webm: aa71ff27fc2769a1b78a27578f13a17b -> 
  custom:container-demuxer-webm: 4f35f7cbe854078d1ac9338744f61a02 -> 
  custom:container-demuxer-ogg: 62fdf1f143b41e24485cea50d1cbac27 -> 
  custom:video-encoder-webm-vp8: eb34c28f22e8b96e1ab97ce403110664 -> 
  custom:video-decoder-webm-vp8: 9c59270c3fd7afecdb556c50c9e8de78 -> 
  custom:audio-decoder-ogg-vorbis: bf7c407c2cedff20999df2af8eb42d56 -> 
  custom:audio-encoder-webm-vorbis: bf7c407c2cedff20999df2af8eb42d56 -> 
========================================================================
Received Import Request.
  path: Assets/XR/Settings/MARSXR Subsystem Settings.asset
  artifactKey: Guid(c00a721452b86174f989ebe2a06a12a6) Importer(815301076,1909f56bfc062723c751e8b465ee728b)
Start importing Assets/XR/Settings/MARSXR Subsystem Settings.asset using Guid(c00a721452b86174f989ebe2a06a12a6) Importer(815301076,1909f56bfc062723c751e8b465ee728b)  -> (artifact id: 'af49bf6056949b41b9716bdf198319d8') in 0.068214 seconds 
  Import took 0.077214 seconds .

========================================================================
Received Import Request.
  Time since last request: 0.000307 seconds.
  path: Assets/MARS
  artifactKey: Guid(e76d4cdf8dd939d42b0f423fe7e72eae) Importer(815301076,1909f56bfc062723c751e8b465ee728b)
Start importing Assets/MARS using Guid(e76d4cdf8dd939d42b0f423fe7e72eae) Importer(815301076,1909f56bfc062723c751e8b465ee728b)  -> (artifact id: 'b52538868bb001b521844de1a07b01f8') in 0.003211 seconds 
  Import took 0.011447 seconds .

========================================================================
Received Import Request.
  Time since last request: 0.000325 seconds.
  path: Assets/XR/Settings/CompanionResourceSync.asset
  artifactKey: Guid(5952079a002a32547a9abe306eeb3bea) Importer(815301076,1909f56bfc062723c751e8b465ee728b)
Start importing Assets/XR/Settings/CompanionResourceSync.asset using Guid(5952079a002a32547a9abe306eeb3bea) Importer(815301076,1909f56bfc062723c751e8b465ee728b)  -> (artifact id: '3a019e9a782b7720abb8fd81fdc0a64c') in 0.007904 seconds 
  Import took 0.016125 seconds .

========================================================================
Received Import Request.
  Time since last request: 0.000216 seconds.
  path: Assets/XR/Loaders/MARSXR Subsystem Loader.asset
  artifactKey: Guid(c2c6c4d722fa24e49aee86407b67a35c) Importer(815301076,1909f56bfc062723c751e8b465ee728b)
Start importing Assets/XR/Loaders/MARSXR Subsystem Loader.asset using Guid(c2c6c4d722fa24e49aee86407b67a35c) Importer(815301076,1909f56bfc062723c751e8b465ee728b)  -> (artifact id: '60aa7fec34dd6aa5a833b512d2b9d34f') in 0.004455 seconds 
  Import took 0.014161 seconds .

========================================================================
Received Import Request.
  Time since last request: 7.571263 seconds.
  path: Assets/UnityXRContent/MARS/SimulationEnvironments
  artifactKey: Guid(fb161f132659d4040932f217d1d7e5c6) Importer(815301076,1909f56bfc062723c751e8b465ee728b)
Start importing Assets/UnityXRContent/MARS/SimulationEnvironments using Guid(fb161f132659d4040932f217d1d7e5c6) Importer(815301076,1909f56bfc062723c751e8b465ee728b)  -> (artifact id: '819ae99fa275e6a81f34f3aa112a866a') in 0.003952 seconds 
  Import took 0.013619 seconds .

========================================================================
Received Import Request.
  Time since last request: 4.086473 seconds.
  path: Assets/UnityXRContent/MARS/Templates/Unity.MARS.Content.Samples.asmdef
  artifactKey: Guid(bbc2b2767d45fd24b9ff5a5ac7c2af82) Importer(815301076,1909f56bfc062723c751e8b465ee728b)
Start importing Assets/UnityXRContent/MARS/Templates/Unity.MARS.Content.Samples.asmdef using Guid(bbc2b2767d45fd24b9ff5a5ac7c2af82) Importer(815301076,1909f56bfc062723c751e8b465ee728b)  -> (artifact id: '81f442dbbeae574ef06004568c2008c3') in 0.004795 seconds 
  Import took 0.014086 seconds .

========================================================================
Received Import Request.
  Time since last request: 13.389428 seconds.
  path: Assets/UnityXRContent/Common/MarkerLibrary
  artifactKey: Guid(4697eb58b1f0c6d46ae8daeee02fbbc7) Importer(815301076,1909f56bfc062723c751e8b465ee728b)
Start importing Assets/UnityXRContent/Common/MarkerLibrary using Guid(4697eb58b1f0c6d46ae8daeee02fbbc7) Importer(815301076,1909f56bfc062723c751e8b465ee728b)  -> (artifact id: 'f18a1dd4d3f68cabe26b8ca70c066f74') in 0.004021 seconds 
  Import took 0.013107 seconds .

========================================================================
Received Import Request.
  Time since last request: 0.659520 seconds.
  path: Assets/UnityXRContent/Common/MarkerLibrary/Textures
  artifactKey: Guid(b4e61cfa9b8dbed478f60a5c20aabc6b) Importer(815301076,1909f56bfc062723c751e8b465ee728b)
Start importing Assets/UnityXRContent/Common/MarkerLibrary/Textures using Guid(b4e61cfa9b8dbed478f60a5c20aabc6b) Importer(815301076,1909f56bfc062723c751e8b465ee728b)  -> (artifact id: 'bc286706dd4aea1ed6855334ed52f7fe') in 0.003931 seconds 
  Import took 0.013007 seconds .

========================================================================
Received Import Request.
  Time since last request: 0.049417 seconds.
  path: Assets/UnityXRContent/Common/MarkerLibrary/Textures/ImageMarker_BottomLeft.png
  artifactKey: Guid(c14ec6bb954aef147801b39f4b831b02) Importer(815301076,1909f56bfc062723c751e8b465ee728b)
Start importing Assets/UnityXRContent/Common/MarkerLibrary/Textures/ImageMarker_BottomLeft.png using Guid(c14ec6bb954aef147801b39f4b831b02) Importer(815301076,1909f56bfc062723c751e8b465ee728b)  -> (artifact id: 'f3028d34a5b118977023ad7bd5eeee09') in 0.317621 seconds 
  Import took 0.327137 seconds .

========================================================================
Received Import Request.
  Time since last request: 0.000282 seconds.
  path: Assets/UnityXRContent/Common/MarkerLibrary/Textures/ImageMarker_Centered.png
  artifactKey: Guid(e4127b1b956bfeb4cb0fa36e55ddab39) Importer(815301076,1909f56bfc062723c751e8b465ee728b)
Start importing Assets/UnityXRContent/Common/MarkerLibrary/Textures/ImageMarker_Centered.png using Guid(e4127b1b956bfeb4cb0fa36e55ddab39) Importer(815301076,1909f56bfc062723c751e8b465ee728b)  -> (artifact id: '8a2ec9e3e976558f4fb69922d9eadcc9') in 0.012876 seconds 
  Import took 0.022716 seconds .

========================================================================
Received Import Request.
  Time since last request: 0.000205 seconds.
  path: Assets/UnityXRContent/Common/MarkerLibrary/Textures/ImageMarker_TopRight.png
  artifactKey: Guid(8388d1de3d64a654483ac70994814215) Importer(815301076,1909f56bfc062723c751e8b465ee728b)
Start importing Assets/UnityXRContent/Common/MarkerLibrary/Textures/ImageMarker_TopRight.png using Guid(8388d1de3d64a654483ac70994814215) Importer(815301076,1909f56bfc062723c751e8b465ee728b)  -> (artifact id: 'd896cc2c1e80efc4d0dc5277e400ce46') in 0.011888 seconds 
  Import took 0.020639 seconds .

========================================================================
Received Import Request.
  Time since last request: 0.000207 seconds.
  path: Assets/UnityXRContent/Common/MarkerLibrary/Textures/ImageMarker_TopLeft.png
  artifactKey: Guid(449717316d5064b4a8359308dfb48041) Importer(815301076,1909f56bfc062723c751e8b465ee728b)
Start importing Assets/UnityXRContent/Common/MarkerLibrary/Textures/ImageMarker_TopLeft.png using Guid(449717316d5064b4a8359308dfb48041) Importer(815301076,1909f56bfc062723c751e8b465ee728b)  -> (artifact id: '7774fa2e477c25f3c184edcb632872a6') in 0.011870 seconds 
  Import took 0.020570 seconds .

========================================================================
Received Import Request.
  Time since last request: 0.000214 seconds.
  path: Assets/UnityXRContent/Common/MarkerLibrary/Textures/ImageMarker_Fit.png
  artifactKey: Guid(21759af1ea4a0144484a882cf338b33b) Importer(815301076,1909f56bfc062723c751e8b465ee728b)
Start importing Assets/UnityXRContent/Common/MarkerLibrary/Textures/ImageMarker_Fit.png using Guid(21759af1ea4a0144484a882cf338b33b) Importer(815301076,1909f56bfc062723c751e8b465ee728b)  -> (artifact id: '555af0b4330132de0904b5b253db6e77') in 0.011339 seconds 
  Import took 0.021003 seconds .

========================================================================
Received Import Request.
  Time since last request: 0.000206 seconds.
  path: Assets/UnityXRContent/Common/MarkerLibrary/Textures/ImageMarker_BottomRight.png
  artifactKey: Guid(b0be22162a9d95b48961cb4c3df908ee) Importer(815301076,1909f56bfc062723c751e8b465ee728b)
Start importing Assets/UnityXRContent/Common/MarkerLibrary/Textures/ImageMarker_BottomRight.png using Guid(b0be22162a9d95b48961cb4c3df908ee) Importer(815301076,1909f56bfc062723c751e8b465ee728b)  -> (artifact id: 'dce3aa0af1f414df5ecdfe675717130d') in 0.011768 seconds 
  Import took 0.020713 seconds .

========================================================================
Received Import Request.
  Time since last request: 3.191842 seconds.
  path: Assets/UnityXRContent/MARS
  artifactKey: Guid(696cfb6e6ac291a4585963864f847743) Importer(815301076,1909f56bfc062723c751e8b465ee728b)
Start importing Assets/UnityXRContent/MARS using Guid(696cfb6e6ac291a4585963864f847743) Importer(815301076,1909f56bfc062723c751e8b465ee728b)  -> (artifact id: '327af9ce95e8a0955cdc496c3744bdb2') in 0.003730 seconds 
  Import took 0.013450 seconds .

========================================================================
Received Import Request.
  Time since last request: 9.287891 seconds.
  path: Assets/UnityXRContent/Common/ReferenceObjects/Models/HeadBase_SD001.fbx
  artifactKey: Guid(b3c0df4c7abc0d44d9df8ae91865f677) Importer(815301076,1909f56bfc062723c751e8b465ee728b)
Start importing Assets/UnityXRContent/Common/ReferenceObjects/Models/HeadBase_SD001.fbx using Guid(b3c0df4c7abc0d44d9df8ae91865f677) Importer(815301076,1909f56bfc062723c751e8b465ee728b)  -> (artifact id: 'ce654664011d8258f18d625e3232c774') in 0.089969 seconds 
  Import took 0.099623 seconds .

========================================================================
Received Import Request.
  Time since last request: 3.025400 seconds.
  path: Assets/UnityXRContent/Common/ReferenceShapes/Models/Cube.fbx
  artifactKey: Guid(465e7ddc0e754ad4c8348b3006cb5805) Importer(815301076,1909f56bfc062723c751e8b465ee728b)
Start importing Assets/UnityXRContent/Common/ReferenceShapes/Models/Cube.fbx using Guid(465e7ddc0e754ad4c8348b3006cb5805) Importer(815301076,1909f56bfc062723c751e8b465ee728b)  -> (artifact id: '5eb68b6f495d2c1b02ad7460f5670bdb') in 0.018514 seconds 
  Import took 0.028104 seconds .

========================================================================
Received Import Request.
  Time since last request: 0.000176 seconds.
  path: Assets/UnityXRContent/Common/ReferenceShapes/Models/Cylinder.fbx
  artifactKey: Guid(debd3805a0d750f4c82f6b20dbc78569) Importer(815301076,1909f56bfc062723c751e8b465ee728b)
Start importing Assets/UnityXRContent/Common/ReferenceShapes/Models/Cylinder.fbx using Guid(debd3805a0d750f4c82f6b20dbc78569) Importer(815301076,1909f56bfc062723c751e8b465ee728b)  -> (artifact id: '7f5cf5f37aec5af55aea133be2ea6a92') in 0.022292 seconds 
  Import took 0.031020 seconds .

========================================================================
Received Import Request.
  Time since last request: 7.902838 seconds.
  path: Assets/ModuleLoader/Default Island.asset
  artifactKey: Guid(a677134f469f9604ba79e9857e6e24d3) Importer(815301076,1909f56bfc062723c751e8b465ee728b)
Start importing Assets/ModuleLoader/Default Island.asset using Guid(a677134f469f9604ba79e9857e6e24d3) Importer(815301076,1909f56bfc062723c751e8b465ee728b)  -> (artifact id: '604cb0ee8fddaebf71075d6f3196491e') in 0.011017 seconds 
  Import took 0.020758 seconds .

========================================================================
Received Import Request.
  Time since last request: 6.845083 seconds.
  path: Assets/ModuleLoader/Settings/Resources
  artifactKey: Guid(fce55db07ee773e47b3b35c384c09801) Importer(815301076,1909f56bfc062723c751e8b465ee728b)
Start importing Assets/ModuleLoader/Settings/Resources using Guid(fce55db07ee773e47b3b35c384c09801) Importer(815301076,1909f56bfc062723c751e8b465ee728b)  -> (artifact id: 'c57817e482ed70ee5ae759813f909ca4') in 0.004366 seconds 
  Import took 0.013947 seconds .

========================================================================
Received Import Request.
  Time since last request: 0.047612 seconds.
  path: Assets/ModuleLoader/Settings/Resources/FunctionalityInjectionModule.asset
  artifactKey: Guid(3ba61a2c4156bb748bd9fb202b6c2a3e) Importer(815301076,1909f56bfc062723c751e8b465ee728b)
Start importing Assets/ModuleLoader/Settings/Resources/FunctionalityInjectionModule.asset using Guid(3ba61a2c4156bb748bd9fb202b6c2a3e) Importer(815301076,1909f56bfc062723c751e8b465ee728b)  -> (artifact id: '8513cb29d16ce73b688401967d9be6af') in 0.006862 seconds 
  Import took 0.016438 seconds .

========================================================================
Received Import Request.
  Time since last request: 0.000272 seconds.
  path: Assets/ModuleLoader/Settings/Resources/ModuleLoaderCore.asset
  artifactKey: Guid(f437d4d4666ac2746968798798eeed48) Importer(815301076,1909f56bfc062723c751e8b465ee728b)
Start importing Assets/ModuleLoader/Settings/Resources/ModuleLoaderCore.asset using Guid(f437d4d4666ac2746968798798eeed48) Importer(815301076,1909f56bfc062723c751e8b465ee728b)  -> (artifact id: '6bdd439c85ad23a41c50e57b30f7248a') in 0.006334 seconds 
  Import took 0.015090 seconds .

========================================================================
Received Import Request.
  Time since last request: 3.034620 seconds.
  path: Assets/ModuleLoader/UserSettings/Resources
  artifactKey: Guid(2fefc89685e444d41b57c5c951e7fe19) Importer(815301076,1909f56bfc062723c751e8b465ee728b)
Start importing Assets/ModuleLoader/UserSettings/Resources using Guid(2fefc89685e444d41b57c5c951e7fe19) Importer(815301076,1909f56bfc062723c751e8b465ee728b)  -> (artifact id: '428a89619d9c250bd24438181b328226') in 0.003861 seconds 
  Import took 0.013359 seconds .

========================================================================
Received Import Request.
  Time since last request: 0.040164 seconds.
  path: Assets/ModuleLoader/UserSettings/Resources/ModuleLoaderDebugSettings.asset
  artifactKey: Guid(be5c6586b2d6fae4a88746b2a1e3ff00) Importer(815301076,1909f56bfc062723c751e8b465ee728b)
Start importing Assets/ModuleLoader/UserSettings/Resources/ModuleLoaderDebugSettings.asset using Guid(be5c6586b2d6fae4a88746b2a1e3ff00) Importer(815301076,1909f56bfc062723c751e8b465ee728b)  -> (artifact id: 'f25e214a63498effd8259ffd793bf475') in 0.005955 seconds 
  Import took 0.014916 seconds .

========================================================================
Received Import Request.
  Time since last request: 6.030562 seconds.
  path: Assets/MARS/ExtensionTypes/MarsExtensionTypes.asmref
  artifactKey: Guid(b5ce9c922cf28f548aa202b2938448f2) Importer(815301076,1909f56bfc062723c751e8b465ee728b)
Start importing Assets/MARS/ExtensionTypes/MarsExtensionTypes.asmref using Guid(b5ce9c922cf28f548aa202b2938448f2) Importer(815301076,1909f56bfc062723c751e8b465ee728b)  -> (artifact id: '471a43d94f31eddbc50cb21d5c8d6594') in 0.004861 seconds 
  Import took 0.014915 seconds .

========================================================================
Received Import Request.
  Time since last request: 1.012339 seconds.
  path: Assets/MARS/Generated/MARS Generated.asmref
  artifactKey: Guid(1a78c1033fa89e84b9993cc2a6760fd1) Importer(815301076,1909f56bfc062723c751e8b465ee728b)
Start importing Assets/MARS/Generated/MARS Generated.asmref using Guid(1a78c1033fa89e84b9993cc2a6760fd1) Importer(815301076,1909f56bfc062723c751e8b465ee728b)  -> (artifact id: '5cb6c038d369887a54cb8c3c18a09948') in 0.003543 seconds 
  Import took 0.012657 seconds .

========================================================================
Received Import Request.
  Time since last request: 419.377417 seconds.
  path: Assets/Scripts
  artifactKey: Guid(d656ffa069cc76a45a1744b5e0dff424) Importer(815301076,1909f56bfc062723c751e8b465ee728b)
Start importing Assets/Scripts using Guid(d656ffa069cc76a45a1744b5e0dff424) Importer(815301076,1909f56bfc062723c751e8b465ee728b)  -> (artifact id: '665eb213b3beabed2cef7785a699455f') in 0.003869 seconds 
  Import took 0.015061 seconds .

========================================================================
Received Import Request.
  Time since last request: 22.124905 seconds.
  path: Assets/Scripts/TapToPlaceObject.cs
  artifactKey: Guid(c747d928ce8d61949aa1b0add034ddcd) Importer(815301076,1909f56bfc062723c751e8b465ee728b)
Start importing Assets/Scripts/TapToPlaceObject.cs using Guid(c747d928ce8d61949aa1b0add034ddcd) Importer(815301076,1909f56bfc062723c751e8b465ee728b)  -> (artifact id: '4ecfd1057d6e34a962dfe19e275f7639') in 0.044650 seconds 
  Import took 0.056696 seconds .

========================================================================
Received Prepare
Registering precompiled user dll's ...
Registered in 0.043340 seconds.
Begin MonoManager ReloadAssembly
Symbol file LoadedFromMemory doesn't match image E:\Unity Projects\AR Room Viewer\Library\PackageCache\com.unity.visualscripting@1.7.5\Editor\VisualScripting.Core\Dependencies\YamlDotNet\Unity.VisualScripting.YamlDotNet.dll
Symbol file LoadedFromMemory doesn't match image E:\Unity Projects\AR Room Viewer\Library\PackageCache\com.unity.visualscripting@1.7.5\Editor\VisualScripting.Core\Dependencies\DotNetZip\Unity.VisualScripting.IonicZip.dll
Native extension for Lumin target not found
Native extension for WindowsStandalone target not found
Native extension for WebGL target not found
Refreshing native plugins compatible for Editor in 1.34 ms, found 4 plugins.
Preloading 0 native plugins for Editor in 0.00 ms.
Mono: successfully reloaded assembly
- Completed reload, in  1.850 seconds
Domain Reload Profiling:
	ReloadAssembly (1850ms)
		BeginReloadAssembly (178ms)
			ExecutionOrderSort (0ms)
			DisableScriptedObjects (4ms)
			BackupInstance (0ms)
			ReleaseScriptingObjects (0ms)
			CreateAndSetChildDomain (65ms)
		EndReloadAssembly (1616ms)
			LoadAssemblies (152ms)
			RebuildTransferFunctionScriptingTraits (0ms)
			SetupTypeCache (409ms)
			ReleaseScriptCaches (2ms)
			RebuildScriptCaches (47ms)
			SetupLoadedEditorAssemblies (940ms)
				LogAssemblyErrors (0ms)
				InitializePlatformSupportModulesInManaged (5ms)
				SetLoadedEditorAssemblies (0ms)
				RefreshPlugins (1ms)
				BeforeProcessingInitializeOnLoad (102ms)
				ProcessInitializeOnLoadAttributes (762ms)
				ProcessInitializeOnLoadMethodAttributes (62ms)
				AfterProcessingInitializeOnLoad (6ms)
				EditorAssembliesLoaded (0ms)
			ExecutionOrderSort2 (0ms)
			AwakeInstancesAfterBackupRestoration (7ms)
Platform modules already initialized, skipping
Refreshing native plugins compatible for Editor in 1.20 ms, found 4 plugins.
Preloading 0 native plugins for Editor in 0.00 ms.
Unloading 5386 Unused Serialized files (Serialized files now loaded: 0)
System memory in use before: 195.4 MB.
System memory in use after: 195.7 MB.

Unloading 34 unused Assets to reduce memory usage. Loaded Objects now: 5858.
Total: 15.864700 ms (FindLiveObjects: 0.775900 ms CreateObjectMapping: 0.504400 ms MarkObjects: 14.414400 ms  DeleteObjects: 0.168800 ms)

AssetImportParameters requested are different than current active one (requested -> active):
  custom:framework-win-MediaFoundation: 216162199b28c13a410421893ffa2e32 -> 
  custom:video-decoder-ogg-theora: a1e56fd34408186e4bbccfd4996cb3dc -> 
  custom:container-muxer-webm: aa71ff27fc2769a1b78a27578f13a17b -> 
  custom:container-demuxer-webm: 4f35f7cbe854078d1ac9338744f61a02 -> 
  custom:container-demuxer-ogg: 62fdf1f143b41e24485cea50d1cbac27 -> 
  custom:video-encoder-webm-vp8: eb34c28f22e8b96e1ab97ce403110664 -> 
  custom:video-decoder-webm-vp8: 9c59270c3fd7afecdb556c50c9e8de78 -> 
  custom:audio-decoder-ogg-vorbis: bf7c407c2cedff20999df2af8eb42d56 -> 
  custom:audio-encoder-webm-vorbis: bf7c407c2cedff20999df2af8eb42d56 -> 
========================================================================
Received Prepare
Registering precompiled user dll's ...
Registered in 0.090174 seconds.
Begin MonoManager ReloadAssembly
Symbol file LoadedFromMemory doesn't match image E:\Unity Projects\AR Room Viewer\Library\PackageCache\com.unity.visualscripting@1.7.5\Editor\VisualScripting.Core\Dependencies\YamlDotNet\Unity.VisualScripting.YamlDotNet.dll
Symbol file LoadedFromMemory doesn't match image E:\Unity Projects\AR Room Viewer\Library\PackageCache\com.unity.visualscripting@1.7.5\Editor\VisualScripting.Core\Dependencies\DotNetZip\Unity.VisualScripting.IonicZip.dll
Native extension for Lumin target not found
Native extension for WindowsStandalone target not found
Native extension for WebGL target not found
Refreshing native plugins compatible for Editor in 1.21 ms, found 4 plugins.
Preloading 0 native plugins for Editor in 0.00 ms.
Mono: successfully reloaded assembly
- Completed reload, in  1.754 seconds
Domain Reload Profiling:
	ReloadAssembly (1755ms)
		BeginReloadAssembly (173ms)
			ExecutionOrderSort (0ms)
			DisableScriptedObjects (4ms)
			BackupInstance (0ms)
			ReleaseScriptingObjects (0ms)
			CreateAndSetChildDomain (64ms)
		EndReloadAssembly (1527ms)
			LoadAssemblies (147ms)
			RebuildTransferFunctionScriptingTraits (0ms)
			SetupTypeCache (384ms)
			ReleaseScriptCaches (2ms)
			RebuildScriptCaches (49ms)
			SetupLoadedEditorAssemblies (886ms)
				LogAssemblyErrors (0ms)
				InitializePlatformSupportModulesInManaged (5ms)
				SetLoadedEditorAssemblies (0ms)
				RefreshPlugins (1ms)
				BeforeProcessingInitializeOnLoad (97ms)
				ProcessInitializeOnLoadAttributes (721ms)
				ProcessInitializeOnLoadMethodAttributes (55ms)
				AfterProcessingInitializeOnLoad (5ms)
				EditorAssembliesLoaded (0ms)
			ExecutionOrderSort2 (0ms)
			AwakeInstancesAfterBackupRestoration (6ms)
Platform modules already initialized, skipping
Refreshing native plugins compatible for Editor in 1.30 ms, found 4 plugins.
Preloading 0 native plugins for Editor in 0.00 ms.
Unloading 5386 Unused Serialized files (Serialized files now loaded: 0)
System memory in use before: 195.5 MB.
System memory in use after: 195.8 MB.

Unloading 33 unused Assets to reduce memory usage. Loaded Objects now: 5863.
Total: 15.581900 ms (FindLiveObjects: 0.770100 ms CreateObjectMapping: 0.723800 ms MarkObjects: 13.895500 ms  DeleteObjects: 0.191300 ms)

AssetImportParameters requested are different than current active one (requested -> active):
  custom:framework-win-MediaFoundation: 216162199b28c13a410421893ffa2e32 -> 
  custom:video-decoder-ogg-theora: a1e56fd34408186e4bbccfd4996cb3dc -> 
  custom:container-muxer-webm: aa71ff27fc2769a1b78a27578f13a17b -> 
  custom:container-demuxer-webm: 4f35f7cbe854078d1ac9338744f61a02 -> 
  custom:container-demuxer-ogg: 62fdf1f143b41e24485cea50d1cbac27 -> 
  custom:video-encoder-webm-vp8: eb34c28f22e8b96e1ab97ce403110664 -> 
  custom:video-decoder-webm-vp8: 9c59270c3fd7afecdb556c50c9e8de78 -> 
  custom:audio-decoder-ogg-vorbis: bf7c407c2cedff20999df2af8eb42d56 -> 
  custom:audio-encoder-webm-vorbis: bf7c407c2cedff20999df2af8eb42d56 -> 
========================================================================
Received Import Request.
  Time since last request: 1598.083789 seconds.
  path: Assets/Scripts/TapToPlaceObject.cs
  artifactKey: Guid(c747d928ce8d61949aa1b0add034ddcd) Importer(815301076,1909f56bfc062723c751e8b465ee728b)
Start importing Assets/Scripts/TapToPlaceObject.cs using Guid(c747d928ce8d61949aa1b0add034ddcd) Importer(815301076,1909f56bfc062723c751e8b465ee728b)  -> (artifact id: '0f126249fa429d09a14504feec2fb1fe') in 0.010535 seconds 
  Import took 0.019836 seconds .

========================================================================
Received Prepare
Registering precompiled user dll's ...
Registered in 0.006195 seconds.
Begin MonoManager ReloadAssembly
Symbol file LoadedFromMemory doesn't match image E:\Unity Projects\AR Room Viewer\Library\PackageCache\com.unity.visualscripting@1.7.5\Editor\VisualScripting.Core\Dependencies\YamlDotNet\Unity.VisualScripting.YamlDotNet.dll
Symbol file LoadedFromMemory doesn't match image E:\Unity Projects\AR Room Viewer\Library\PackageCache\com.unity.visualscripting@1.7.5\Editor\VisualScripting.Core\Dependencies\DotNetZip\Unity.VisualScripting.IonicZip.dll
Native extension for Lumin target not found
Native extension for WindowsStandalone target not found
Native extension for WebGL target not found
Refreshing native plugins compatible for Editor in 1.20 ms, found 4 plugins.
Preloading 0 native plugins for Editor in 0.00 ms.
Mono: successfully reloaded assembly
- Completed reload, in  1.732 seconds
Domain Reload Profiling:
	ReloadAssembly (1732ms)
		BeginReloadAssembly (164ms)
			ExecutionOrderSort (0ms)
			DisableScriptedObjects (4ms)
			BackupInstance (0ms)
			ReleaseScriptingObjects (0ms)
			CreateAndSetChildDomain (61ms)
		EndReloadAssembly (1514ms)
			LoadAssemblies (146ms)
			RebuildTransferFunctionScriptingTraits (0ms)
			SetupTypeCache (380ms)
			ReleaseScriptCaches (2ms)
			RebuildScriptCaches (43ms)
			SetupLoadedEditorAssemblies (883ms)
				LogAssemblyErrors (0ms)
				InitializePlatformSupportModulesInManaged (5ms)
				SetLoadedEditorAssemblies (0ms)
				RefreshPlugins (1ms)
				BeforeProcessingInitializeOnLoad (102ms)
				ProcessInitializeOnLoadAttributes (712ms)
				ProcessInitializeOnLoadMethodAttributes (57ms)
				AfterProcessingInitializeOnLoad (5ms)
				EditorAssembliesLoaded (0ms)
			ExecutionOrderSort2 (0ms)
			AwakeInstancesAfterBackupRestoration (6ms)
Platform modules already initialized, skipping
Refreshing native plugins compatible for Editor in 1.31 ms, found 4 plugins.
Preloading 0 native plugins for Editor in 0.00 ms.
Unloading 5386 Unused Serialized files (Serialized files now loaded: 0)
System memory in use before: 195.5 MB.
System memory in use after: 195.9 MB.

Unloading 33 unused Assets to reduce memory usage. Loaded Objects now: 5868.
Total: 16.952900 ms (FindLiveObjects: 0.800300 ms CreateObjectMapping: 0.478300 ms MarkObjects: 15.465900 ms  DeleteObjects: 0.207100 ms)

AssetImportParameters requested are different than current active one (requested -> active):
  custom:framework-win-MediaFoundation: 216162199b28c13a410421893ffa2e32 -> 
  custom:video-decoder-ogg-theora: a1e56fd34408186e4bbccfd4996cb3dc -> 
  custom:container-muxer-webm: aa71ff27fc2769a1b78a27578f13a17b -> 
  custom:container-demuxer-webm: 4f35f7cbe854078d1ac9338744f61a02 -> 
  custom:container-demuxer-ogg: 62fdf1f143b41e24485cea50d1cbac27 -> 
  custom:video-encoder-webm-vp8: eb34c28f22e8b96e1ab97ce403110664 -> 
  custom:video-decoder-webm-vp8: 9c59270c3fd7afecdb556c50c9e8de78 -> 
  custom:audio-decoder-ogg-vorbis: bf7c407c2cedff20999df2af8eb42d56 -> 
  custom:audio-encoder-webm-vorbis: bf7c407c2cedff20999df2af8eb42d56 -> 
========================================================================
Received Import Request.
  Time since last request: 382.589220 seconds.
  path: Assets/Prefabs
  artifactKey: Guid(d32da3c9120d11b4dbf8894187d2f210) Importer(815301076,1909f56bfc062723c751e8b465ee728b)
Start importing Assets/Prefabs using Guid(d32da3c9120d11b4dbf8894187d2f210) Importer(815301076,1909f56bfc062723c751e8b465ee728b)  -> (artifact id: 'dd695c4e64174d66acaff4d9ae48a289') in 0.011694 seconds 
  Import took 0.021923 seconds .

========================================================================
Received Prepare
Registering precompiled user dll's ...
Registered in 0.006443 seconds.
Begin MonoManager ReloadAssembly
Symbol file LoadedFromMemory doesn't match image E:\Unity Projects\AR Room Viewer\Library\PackageCache\com.unity.visualscripting@1.7.5\Editor\VisualScripting.Core\Dependencies\YamlDotNet\Unity.VisualScripting.YamlDotNet.dll
Symbol file LoadedFromMemory doesn't match image E:\Unity Projects\AR Room Viewer\Library\PackageCache\com.unity.visualscripting@1.7.5\Editor\VisualScripting.Core\Dependencies\DotNetZip\Unity.VisualScripting.IonicZip.dll
Native extension for Lumin target not found
Native extension for WindowsStandalone target not found
Native extension for WebGL target not found
Refreshing native plugins compatible for Editor in 1.28 ms, found 4 plugins.
Preloading 0 native plugins for Editor in 0.00 ms.
Mono: successfully reloaded assembly
- Completed reload, in  1.817 seconds
Domain Reload Profiling:
	ReloadAssembly (1817ms)
		BeginReloadAssembly (170ms)
			ExecutionOrderSort (0ms)
			DisableScriptedObjects (4ms)
			BackupInstance (0ms)
			ReleaseScriptingObjects (0ms)
			CreateAndSetChildDomain (61ms)
		EndReloadAssembly (1591ms)
			LoadAssemblies (155ms)
			RebuildTransferFunctionScriptingTraits (0ms)
			SetupTypeCache (388ms)
			ReleaseScriptCaches (2ms)
			RebuildScriptCaches (46ms)
			SetupLoadedEditorAssemblies (934ms)
				LogAssemblyErrors (0ms)
				InitializePlatformSupportModulesInManaged (5ms)
				SetLoadedEditorAssemblies (0ms)
				RefreshPlugins (1ms)
				BeforeProcessingInitializeOnLoad (98ms)
				ProcessInitializeOnLoadAttributes (766ms)
				ProcessInitializeOnLoadMethodAttributes (57ms)
				AfterProcessingInitializeOnLoad (5ms)
				EditorAssembliesLoaded (0ms)
			ExecutionOrderSort2 (0ms)
			AwakeInstancesAfterBackupRestoration (7ms)
Platform modules already initialized, skipping
Refreshing native plugins compatible for Editor in 1.26 ms, found 4 plugins.
Preloading 0 native plugins for Editor in 0.00 ms.
Unloading 5386 Unused Serialized files (Serialized files now loaded: 0)
System memory in use before: 195.6 MB.
System memory in use after: 195.9 MB.

Unloading 33 unused Assets to reduce memory usage. Loaded Objects now: 5873.
Total: 16.067500 ms (FindLiveObjects: 0.726300 ms CreateObjectMapping: 0.461300 ms MarkObjects: 14.636400 ms  DeleteObjects: 0.241600 ms)

AssetImportParameters requested are different than current active one (requested -> active):
  custom:framework-win-MediaFoundation: 216162199b28c13a410421893ffa2e32 -> 
  custom:video-decoder-ogg-theora: a1e56fd34408186e4bbccfd4996cb3dc -> 
  custom:container-muxer-webm: aa71ff27fc2769a1b78a27578f13a17b -> 
  custom:container-demuxer-webm: 4f35f7cbe854078d1ac9338744f61a02 -> 
  custom:container-demuxer-ogg: 62fdf1f143b41e24485cea50d1cbac27 -> 
  custom:video-encoder-webm-vp8: eb34c28f22e8b96e1ab97ce403110664 -> 
  custom:video-decoder-webm-vp8: 9c59270c3fd7afecdb556c50c9e8de78 -> 
  custom:audio-decoder-ogg-vorbis: bf7c407c2cedff20999df2af8eb42d56 -> 
  custom:audio-encoder-webm-vorbis: bf7c407c2cedff20999df2af8eb42d56 -> 
========================================================================
Received Prepare
Registering precompiled user dll's ...
Registered in 0.007249 seconds.
Begin MonoManager ReloadAssembly
Symbol file LoadedFromMemory doesn't match image E:\Unity Projects\AR Room Viewer\Library\PackageCache\com.unity.visualscripting@1.7.5\Editor\VisualScripting.Core\Dependencies\YamlDotNet\Unity.VisualScripting.YamlDotNet.dll
Symbol file LoadedFromMemory doesn't match image E:\Unity Projects\AR Room Viewer\Library\PackageCache\com.unity.visualscripting@1.7.5\Editor\VisualScripting.Core\Dependencies\DotNetZip\Unity.VisualScripting.IonicZip.dll
Native extension for Lumin target not found
Native extension for WindowsStandalone target not found
Native extension for WebGL target not found
Refreshing native plugins compatible for Editor in 1.31 ms, found 4 plugins.
Preloading 0 native plugins for Editor in 0.00 ms.
Mono: successfully reloaded assembly
- Completed reload, in  1.984 seconds
Domain Reload Profiling:
	ReloadAssembly (1984ms)
		BeginReloadAssembly (184ms)
			ExecutionOrderSort (0ms)
			DisableScriptedObjects (4ms)
			BackupInstance (0ms)
			ReleaseScriptingObjects (0ms)
			CreateAndSetChildDomain (63ms)
		EndReloadAssembly (1743ms)
			LoadAssemblies (239ms)
			RebuildTransferFunctionScriptingTraits (0ms)
			SetupTypeCache (423ms)
			ReleaseScriptCaches (2ms)
			RebuildScriptCaches (46ms)
			SetupLoadedEditorAssemblies (970ms)
				LogAssemblyErrors (0ms)
				InitializePlatformSupportModulesInManaged (5ms)
				SetLoadedEditorAssemblies (0ms)
				RefreshPlugins (1ms)
				BeforeProcessingInitializeOnLoad (105ms)
				ProcessInitializeOnLoadAttributes (792ms)
				ProcessInitializeOnLoadMethodAttributes (59ms)
				AfterProcessingInitializeOnLoad (6ms)
				EditorAssembliesLoaded (0ms)
			ExecutionOrderSort2 (0ms)
			AwakeInstancesAfterBackupRestoration (7ms)
Platform modules already initialized, skipping
Refreshing native plugins compatible for Editor in 1.36 ms, found 4 plugins.
Preloading 0 native plugins for Editor in 0.00 ms.
Unloading 5386 Unused Serialized files (Serialized files now loaded: 0)
System memory in use before: 195.4 MB.
System memory in use after: 195.7 MB.

Unloading 33 unused Assets to reduce memory usage. Loaded Objects now: 5878.
Total: 16.541300 ms (FindLiveObjects: 0.743000 ms CreateObjectMapping: 0.447600 ms MarkObjects: 15.117900 ms  DeleteObjects: 0.230600 ms)

AssetImportParameters requested are different than current active one (requested -> active):
  custom:framework-win-MediaFoundation: 216162199b28c13a410421893ffa2e32 -> 
  custom:video-decoder-ogg-theora: a1e56fd34408186e4bbccfd4996cb3dc -> 
  custom:container-muxer-webm: aa71ff27fc2769a1b78a27578f13a17b -> 
  custom:container-demuxer-webm: 4f35f7cbe854078d1ac9338744f61a02 -> 
  custom:container-demuxer-ogg: 62fdf1f143b41e24485cea50d1cbac27 -> 
  custom:video-encoder-webm-vp8: eb34c28f22e8b96e1ab97ce403110664 -> 
  custom:video-decoder-webm-vp8: 9c59270c3fd7afecdb556c50c9e8de78 -> 
  custom:audio-decoder-ogg-vorbis: bf7c407c2cedff20999df2af8eb42d56 -> 
  custom:audio-encoder-webm-vorbis: bf7c407c2cedff20999df2af8eb42d56 -> 
========================================================================
Received Prepare
Registering precompiled user dll's ...
Registered in 0.044089 seconds.
Begin MonoManager ReloadAssembly
Symbol file LoadedFromMemory doesn't match image E:\Unity Projects\AR Room Viewer\Library\PackageCache\com.unity.visualscripting@1.7.5\Editor\VisualScripting.Core\Dependencies\YamlDotNet\Unity.VisualScripting.YamlDotNet.dll
Symbol file LoadedFromMemory doesn't match image E:\Unity Projects\AR Room Viewer\Library\PackageCache\com.unity.visualscripting@1.7.5\Editor\VisualScripting.Core\Dependencies\DotNetZip\Unity.VisualScripting.IonicZip.dll
Native extension for Lumin target not found
Native extension for WindowsStandalone target not found
Native extension for WebGL target not found
Refreshing native plugins compatible for Editor in 1.23 ms, found 4 plugins.
Preloading 0 native plugins for Editor in 0.00 ms.
Mono: successfully reloaded assembly
- Completed reload, in  1.831 seconds
Domain Reload Profiling:
	ReloadAssembly (1832ms)
		BeginReloadAssembly (177ms)
			ExecutionOrderSort (0ms)
			DisableScriptedObjects (5ms)
			BackupInstance (0ms)
			ReleaseScriptingObjects (0ms)
			CreateAndSetChildDomain (61ms)
		EndReloadAssembly (1597ms)
			LoadAssemblies (158ms)
			RebuildTransferFunctionScriptingTraits (0ms)
			SetupTypeCache (409ms)
			ReleaseScriptCaches (2ms)
			RebuildScriptCaches (50ms)
			SetupLoadedEditorAssemblies (917ms)
				LogAssemblyErrors (0ms)
				InitializePlatformSupportModulesInManaged (5ms)
				SetLoadedEditorAssemblies (0ms)
				RefreshPlugins (1ms)
				BeforeProcessingInitializeOnLoad (105ms)
				ProcessInitializeOnLoadAttributes (740ms)
				ProcessInitializeOnLoadMethodAttributes (60ms)
				AfterProcessingInitializeOnLoad (5ms)
				EditorAssembliesLoaded (0ms)
			ExecutionOrderSort2 (0ms)
			AwakeInstancesAfterBackupRestoration (7ms)
Platform modules already initialized, skipping
Refreshing native plugins compatible for Editor in 1.24 ms, found 4 plugins.
Preloading 0 native plugins for Editor in 0.00 ms.
Unloading 5388 Unused Serialized files (Serialized files now loaded: 0)
System memory in use before: 195.7 MB.
System memory in use after: 196.0 MB.

Unloading 33 unused Assets to reduce memory usage. Loaded Objects now: 5885.
Total: 15.867300 ms (FindLiveObjects: 0.759000 ms CreateObjectMapping: 0.522000 ms MarkObjects: 14.347800 ms  DeleteObjects: 0.237000 ms)

AssetImportParameters requested are different than current active one (requested -> active):
  custom:framework-win-MediaFoundation: 216162199b28c13a410421893ffa2e32 -> 
  custom:video-decoder-ogg-theora: a1e56fd34408186e4bbccfd4996cb3dc -> 
  custom:container-muxer-webm: aa71ff27fc2769a1b78a27578f13a17b -> 
  custom:container-demuxer-webm: 4f35f7cbe854078d1ac9338744f61a02 -> 
  custom:container-demuxer-ogg: 62fdf1f143b41e24485cea50d1cbac27 -> 
  custom:video-encoder-webm-vp8: eb34c28f22e8b96e1ab97ce403110664 -> 
  custom:video-decoder-webm-vp8: 9c59270c3fd7afecdb556c50c9e8de78 -> 
  custom:audio-decoder-ogg-vorbis: bf7c407c2cedff20999df2af8eb42d56 -> 
  custom:audio-encoder-webm-vorbis: bf7c407c2cedff20999df2af8eb42d56 -> 
========================================================================
Received Import Request.
  Time since last request: 7694.452858 seconds.
  path: Assets/MARS/Content/Samples/Templates/DirectPlacement
  artifactKey: Guid(8f836b6f7e38f6240b0f554997d172cb) Importer(815301076,1909f56bfc062723c751e8b465ee728b)
Start importing Assets/MARS/Content/Samples/Templates/DirectPlacement using Guid(8f836b6f7e38f6240b0f554997d172cb) Importer(815301076,1909f56bfc062723c751e8b465ee728b)  -> (artifact id: '97a77b50aeb73a44c6114e288a98dcda') in 0.012887 seconds 
  Import took 0.027483 seconds .

========================================================================
Received Import Request.
  Time since last request: 9.883238 seconds.
  path: Assets/MARS/Content/Samples/Templates/DirectPlacement/DirectPlacement.unity
  artifactKey: Guid(1eebe30bf1b27ac418a99373e0ed7d8c) Importer(815301076,1909f56bfc062723c751e8b465ee728b)
Start importing Assets/MARS/Content/Samples/Templates/DirectPlacement/DirectPlacement.unity using Guid(1eebe30bf1b27ac418a99373e0ed7d8c) Importer(815301076,1909f56bfc062723c751e8b465ee728b)  -> (artifact id: '010e98793acb983be4422693be3011f2') in 0.012424 seconds 
  Import took 0.022779 seconds .

========================================================================
Received Import Request.
  Time since last request: 129.905044 seconds.
  path: Assets/UnityXRContent/MARS/SimulationEnvironments/Office/Models/Chair_38in_OF001.fbx
  artifactKey: Guid(fb112a7c17261df45ba8b865a93ec54e) Importer(815301076,1909f56bfc062723c751e8b465ee728b)
Start importing Assets/UnityXRContent/MARS/SimulationEnvironments/Office/Models/Chair_38in_OF001.fbx using Guid(fb112a7c17261df45ba8b865a93ec54e) Importer(815301076,1909f56bfc062723c751e8b465ee728b)  -> (artifact id: '2f3372218f33a7ed028bcb93770f33b0') in 0.062216 seconds 
  Import took 0.072052 seconds .

========================================================================
Received Import Request.
  Time since last request: 3.331486 seconds.
  path: Assets/UnityXRContent/MARS/SimulationEnvironments/Office/Prefab/Chair_38in_OF001.prefab
  artifactKey: Guid(27e0c7217793f0a408b68c2ed0706202) Importer(815301076,1909f56bfc062723c751e8b465ee728b)
Start importing Assets/UnityXRContent/MARS/SimulationEnvironments/Office/Prefab/Chair_38in_OF001.prefab using Guid(27e0c7217793f0a408b68c2ed0706202) Importer(815301076,1909f56bfc062723c751e8b465ee728b)  -> (artifact id: 'e87530ce6fdc1fafa1a419b7ef0f6918') in 0.020000 seconds 
  Import took 0.029933 seconds .

========================================================================
Received Import Request.
  Time since last request: 16.745903 seconds.
  path: Assets/UnityXRContent/MARS/SimulationEnvironments/LivingRoom/Models/Chair_32in_LR002.fbx
  artifactKey: Guid(6ce0bea40d73d0740937e1171894b926) Importer(815301076,1909f56bfc062723c751e8b465ee728b)
Start importing Assets/UnityXRContent/MARS/SimulationEnvironments/LivingRoom/Models/Chair_32in_LR002.fbx using Guid(6ce0bea40d73d0740937e1171894b926) Importer(815301076,1909f56bfc062723c751e8b465ee728b)  -> (artifact id: '259d0eb244cdd69d96b65004a0f953d2') in 0.023440 seconds 
  Import took 0.033671 seconds .

========================================================================
Received Prepare
Registering precompiled user dll's ...
Registered in 0.006697 seconds.
Begin MonoManager ReloadAssembly
Symbol file LoadedFromMemory doesn't match image E:\Unity Projects\AR Room Viewer\Library\PackageCache\com.unity.visualscripting@1.7.5\Editor\VisualScripting.Core\Dependencies\YamlDotNet\Unity.VisualScripting.YamlDotNet.dll
Symbol file LoadedFromMemory doesn't match image E:\Unity Projects\AR Room Viewer\Library\PackageCache\com.unity.visualscripting@1.7.5\Editor\VisualScripting.Core\Dependencies\DotNetZip\Unity.VisualScripting.IonicZip.dll
Native extension for Lumin target not found
Native extension for WindowsStandalone target not found
Native extension for WebGL target not found
Refreshing native plugins compatible for Editor in 1.31 ms, found 4 plugins.
Preloading 0 native plugins for Editor in 0.00 ms.
Mono: successfully reloaded assembly
- Completed reload, in  1.789 seconds
Domain Reload Profiling:
	ReloadAssembly (1790ms)
		BeginReloadAssembly (166ms)
			ExecutionOrderSort (0ms)
			DisableScriptedObjects (4ms)
			BackupInstance (0ms)
			ReleaseScriptingObjects (0ms)
			CreateAndSetChildDomain (59ms)
		EndReloadAssembly (1565ms)
			LoadAssemblies (153ms)
			RebuildTransferFunctionScriptingTraits (0ms)
			SetupTypeCache (393ms)
			ReleaseScriptCaches (2ms)
			RebuildScriptCaches (43ms)
			SetupLoadedEditorAssemblies (904ms)
				LogAssemblyErrors (0ms)
				InitializePlatformSupportModulesInManaged (5ms)
				SetLoadedEditorAssemblies (0ms)
				RefreshPlugins (1ms)
				BeforeProcessingInitializeOnLoad (107ms)
				ProcessInitializeOnLoadAttributes (726ms)
				ProcessInitializeOnLoadMethodAttributes (58ms)
				AfterProcessingInitializeOnLoad (6ms)
				EditorAssembliesLoaded (0ms)
			ExecutionOrderSort2 (0ms)
			AwakeInstancesAfterBackupRestoration (7ms)
Platform modules already initialized, skipping
Refreshing native plugins compatible for Editor in 1.28 ms, found 4 plugins.
Preloading 0 native plugins for Editor in 0.00 ms.
Unloading 5388 Unused Serialized files (Serialized files now loaded: 0)
System memory in use before: 195.8 MB.
System memory in use after: 196.1 MB.

Unloading 34 unused Assets to reduce memory usage. Loaded Objects now: 5891.
Total: 15.654700 ms (FindLiveObjects: 0.760700 ms CreateObjectMapping: 0.507600 ms MarkObjects: 14.185200 ms  DeleteObjects: 0.199800 ms)

AssetImportParameters requested are different than current active one (requested -> active):
  custom:framework-win-MediaFoundation: 216162199b28c13a410421893ffa2e32 -> 
  custom:video-decoder-ogg-theora: a1e56fd34408186e4bbccfd4996cb3dc -> 
  custom:container-muxer-webm: aa71ff27fc2769a1b78a27578f13a17b -> 
  custom:container-demuxer-webm: 4f35f7cbe854078d1ac9338744f61a02 -> 
  custom:container-demuxer-ogg: 62fdf1f143b41e24485cea50d1cbac27 -> 
  custom:video-encoder-webm-vp8: eb34c28f22e8b96e1ab97ce403110664 -> 
  custom:video-decoder-webm-vp8: 9c59270c3fd7afecdb556c50c9e8de78 -> 
  custom:audio-decoder-ogg-vorbis: bf7c407c2cedff20999df2af8eb42d56 -> 
  custom:audio-encoder-webm-vorbis: bf7c407c2cedff20999df2af8eb42d56 -> 
========================================================================
Received Prepare
Registering precompiled user dll's ...
Registered in 0.006411 seconds.
Begin MonoManager ReloadAssembly
Symbol file LoadedFromMemory doesn't match image E:\Unity Projects\AR Room Viewer\Library\PackageCache\com.unity.visualscripting@1.7.5\Editor\VisualScripting.Core\Dependencies\YamlDotNet\Unity.VisualScripting.YamlDotNet.dll
Symbol file LoadedFromMemory doesn't match image E:\Unity Projects\AR Room Viewer\Library\PackageCache\com.unity.visualscripting@1.7.5\Editor\VisualScripting.Core\Dependencies\DotNetZip\Unity.VisualScripting.IonicZip.dll
Native extension for Lumin target not found
Native extension for WindowsStandalone target not found
Native extension for WebGL target not found
Refreshing native plugins compatible for Editor in 1.27 ms, found 4 plugins.
Preloading 0 native plugins for Editor in 0.00 ms.
Mono: successfully reloaded assembly
- Completed reload, in  1.843 seconds
Domain Reload Profiling:
	ReloadAssembly (1844ms)
		BeginReloadAssembly (158ms)
			ExecutionOrderSort (0ms)
			DisableScriptedObjects (4ms)
			BackupInstance (0ms)
			ReleaseScriptingObjects (0ms)
			CreateAndSetChildDomain (55ms)
		EndReloadAssembly (1631ms)
			LoadAssemblies (143ms)
			RebuildTransferFunctionScriptingTraits (0ms)
			SetupTypeCache (390ms)
			ReleaseScriptCaches (2ms)
			RebuildScriptCaches (45ms)
			SetupLoadedEditorAssemblies (981ms)
				LogAssemblyErrors (0ms)
				InitializePlatformSupportModulesInManaged (5ms)
				SetLoadedEditorAssemblies (1ms)
				RefreshPlugins (1ms)
				BeforeProcessingInitializeOnLoad (106ms)
				ProcessInitializeOnLoadAttributes (796ms)
				ProcessInitializeOnLoadMethodAttributes (67ms)
				AfterProcessingInitializeOnLoad (5ms)
				EditorAssembliesLoaded (0ms)
			ExecutionOrderSort2 (0ms)
			AwakeInstancesAfterBackupRestoration (7ms)
Platform modules already initialized, skipping
Refreshing native plugins compatible for Editor in 1.43 ms, found 4 plugins.
Preloading 0 native plugins for Editor in 0.00 ms.
Unloading 5388 Unused Serialized files (Serialized files now loaded: 0)
System memory in use before: 195.8 MB.
System memory in use after: 196.1 MB.

Unloading 33 unused Assets to reduce memory usage. Loaded Objects now: 5896.
Total: 15.823300 ms (FindLiveObjects: 0.729600 ms CreateObjectMapping: 0.475400 ms MarkObjects: 14.395900 ms  DeleteObjects: 0.220700 ms)

AssetImportParameters requested are different than current active one (requested -> active):
  custom:framework-win-MediaFoundation: 216162199b28c13a410421893ffa2e32 -> 
  custom:video-decoder-ogg-theora: a1e56fd34408186e4bbccfd4996cb3dc -> 
  custom:container-muxer-webm: aa71ff27fc2769a1b78a27578f13a17b -> 
  custom:container-demuxer-webm: 4f35f7cbe854078d1ac9338744f61a02 -> 
  custom:container-demuxer-ogg: 62fdf1f143b41e24485cea50d1cbac27 -> 
  custom:video-encoder-webm-vp8: eb34c28f22e8b96e1ab97ce403110664 -> 
  custom:video-decoder-webm-vp8: 9c59270c3fd7afecdb556c50c9e8de78 -> 
  custom:audio-decoder-ogg-vorbis: bf7c407c2cedff20999df2af8eb42d56 -> 
  custom:audio-encoder-webm-vorbis: bf7c407c2cedff20999df2af8eb42d56 -> 
========================================================================
Received Prepare
Registering precompiled user dll's ...
Registered in 0.045071 seconds.
Begin MonoManager ReloadAssembly
Symbol file LoadedFromMemory doesn't match image E:\Unity Projects\AR Room Viewer\Library\PackageCache\com.unity.visualscripting@1.7.5\Editor\VisualScripting.Core\Dependencies\YamlDotNet\Unity.VisualScripting.YamlDotNet.dll
Symbol file LoadedFromMemory doesn't match image E:\Unity Projects\AR Room Viewer\Library\PackageCache\com.unity.visualscripting@1.7.5\Editor\VisualScripting.Core\Dependencies\DotNetZip\Unity.VisualScripting.IonicZip.dll
Native extension for Lumin target not found
Native extension for WindowsStandalone target not found
Native extension for WebGL target not found
Refreshing native plugins compatible for Editor in 1.28 ms, found 4 plugins.
Preloading 0 native plugins for Editor in 0.00 ms.
Mono: successfully reloaded assembly
- Completed reload, in  1.793 seconds
Domain Reload Profiling:
	ReloadAssembly (1794ms)
		BeginReloadAssembly (166ms)
			ExecutionOrderSort (0ms)
			DisableScriptedObjects (4ms)
			BackupInstance (0ms)
			ReleaseScriptingObjects (0ms)
			CreateAndSetChildDomain (59ms)
		EndReloadAssembly (1576ms)
			LoadAssemblies (141ms)
			RebuildTransferFunctionScriptingTraits (0ms)
			SetupTypeCache (370ms)
			ReleaseScriptCaches (2ms)
			RebuildScriptCaches (43ms)
			SetupLoadedEditorAssemblies (950ms)
				LogAssemblyErrors (0ms)
				InitializePlatformSupportModulesInManaged (5ms)
				SetLoadedEditorAssemblies (0ms)
				RefreshPlugins (1ms)
				BeforeProcessingInitializeOnLoad (99ms)
				ProcessInitializeOnLoadAttributes (785ms)
				ProcessInitializeOnLoadMethodAttributes (54ms)
				AfterProcessingInitializeOnLoad (5ms)
				EditorAssembliesLoaded (0ms)
			ExecutionOrderSort2 (0ms)
			AwakeInstancesAfterBackupRestoration (6ms)
Platform modules already initialized, skipping
Refreshing native plugins compatible for Editor in 1.38 ms, found 4 plugins.
Preloading 0 native plugins for Editor in 0.00 ms.
Unloading 5388 Unused Serialized files (Serialized files now loaded: 0)
System memory in use before: 195.8 MB.
System memory in use after: 196.1 MB.

Unloading 33 unused Assets to reduce memory usage. Loaded Objects now: 5901.
Total: 15.392400 ms (FindLiveObjects: 0.731800 ms CreateObjectMapping: 0.463100 ms MarkObjects: 13.979000 ms  DeleteObjects: 0.217200 ms)

AssetImportParameters requested are different than current active one (requested -> active):
  custom:framework-win-MediaFoundation: 216162199b28c13a410421893ffa2e32 -> 
  custom:video-decoder-ogg-theora: a1e56fd34408186e4bbccfd4996cb3dc -> 
  custom:container-muxer-webm: aa71ff27fc2769a1b78a27578f13a17b -> 
  custom:container-demuxer-webm: 4f35f7cbe854078d1ac9338744f61a02 -> 
  custom:container-demuxer-ogg: 62fdf1f143b41e24485cea50d1cbac27 -> 
  custom:video-encoder-webm-vp8: eb34c28f22e8b96e1ab97ce403110664 -> 
  custom:video-decoder-webm-vp8: 9c59270c3fd7afecdb556c50c9e8de78 -> 
  custom:audio-decoder-ogg-vorbis: bf7c407c2cedff20999df2af8eb42d56 -> 
  custom:audio-encoder-webm-vorbis: bf7c407c2cedff20999df2af8eb42d56 -> 
AssetImportWorkerClient::OnTransportError - code=2 error=End of file
